# JRE version: Java(TM) SE Runtime Environment (8.0_152-b16) (build 1.8.0_152-b16)
# Java VM: Java HotSpot(TM) 64-Bit Server VM (25.152-b16 mixed mode windows-amd64 compressed oops)
Heap:
 PSYoungGen      total 232960K, used 60189K [0x00000000eab00000, 0x0000000100000000, 0x0000000100000000)
  eden space 116736K, 0% used [0x00000000eab00000,0x00000000eab00000,0x00000000f1d00000)
  from space 116224K, 51% used [0x00000000f1d00000,0x00000000f57c7590,0x00000000f8e80000)
  to   space 116224K, 0% used [0x00000000f8e80000,0x00000000f8e80000,0x0000000100000000)
 ParOldGen       total 307200K, used 298516K [0x00000000c0000000, 0x00000000d2c00000, 0x00000000eab00000)
  object space 307200K, 97% used [0x00000000c0000000,0x00000000d23850e0,0x00000000d2c00000)
 Metaspace       used 6891K, capacity 7384K, committed 7680K, reserved 1056768K
  class space    used 649K, capacity 656K, committed 768K, reserved 1048576K
GC Heap History (10 events):
Event: 10.110 GC heap after
Heap after GC invocations=15 (full 2):
 PSYoungGen      total 240640K, used 63013K [0x00000000eab00000, 0x0000000100000000, 0x0000000100000000)
  eden space 144384K, 0% used [0x00000000eab00000,0x00000000eab00000,0x00000000f3800000)
  from space 96256K, 65% used [0x00000000f3800000,0x00000000f7589560,0x00000000f9600000)
  to   space 99328K, 0% used [0x00000000f9f00000,0x00000000f9f00000,0x0000000100000000)
 ParOldGen       total 307200K, used 215417K [0x00000000c0000000, 0x00000000d2c00000, 0x00000000eab00000)
  object space 307200K, 70% used [0x00000000c0000000,0x00000000cd25e790,0x00000000d2c00000)
 Metaspace       used 6883K, capacity 7384K, committed 7680K, reserved 1056768K
  class space    used 649K, capacity 656K, committed 768K, reserved 1048576K
}
Event: 10.449 GC heap before
{Heap before GC invocations=16 (full 2):
 PSYoungGen      total 240640K, used 207397K [0x00000000eab00000, 0x0000000100000000, 0x0000000100000000)
  eden space 144384K, 100% used [0x00000000eab00000,0x00000000f3800000,0x00000000f3800000)
  from space 96256K, 65% used [0x00000000f3800000,0x00000000f7589560,0x00000000f9600000)
  to   space 99328K, 0% used [0x00000000f9f00000,0x00000000f9f00000,0x0000000100000000)
 ParOldGen       total 307200K, used 215417K [0x00000000c0000000, 0x00000000d2c00000, 0x00000000eab00000)
  object space 307200K, 70% used [0x00000000c0000000,0x00000000cd25e790,0x00000000d2c00000)
 Metaspace       used 6883K, capacity 7384K, committed 7680K, reserved 1056768K
  class space    used 649K, capacity 656K, committed 768K, reserved 1048576K
Event: 10.561 GC heap after
Heap after GC invocations=16 (full 2):
 PSYoungGen      total 230400K, used 83761K [0x00000000eab00000, 0x0000000100000000, 0x0000000100000000)
  eden space 131072K, 0% used [0x00000000eab00000,0x00000000eab00000,0x00000000f2b00000)
  from space 99328K, 84% used [0x00000000f9f00000,0x00000000ff0cc5b0,0x0000000100000000)
  to   space 109056K, 0% used [0x00000000f2b00000,0x00000000f2b00000,0x00000000f9580000)
 ParOldGen       total 307200K, used 215417K [0x00000000c0000000, 0x00000000d2c00000, 0x00000000eab00000)
  object space 307200K, 70% used [0x00000000c0000000,0x00000000cd25e790,0x00000000d2c00000)
 Metaspace       used 6883K, capacity 7384K, committed 7680K, reserved 1056768K
  class space    used 649K, capacity 656K, committed 768K, reserved 1048576K
}
Event: 10.814 GC heap before
{Heap before GC invocations=17 (full 2):
 PSYoungGen      total 230400K, used 214833K [0x00000000eab00000, 0x0000000100000000, 0x0000000100000000)
  eden space 131072K, 100% used [0x00000000eab00000,0x00000000f2b00000,0x00000000f2b00000)
  from space 99328K, 84% used [0x00000000f9f00000,0x00000000ff0cc5b0,0x0000000100000000)
  to   space 109056K, 0% used [0x00000000f2b00000,0x00000000f2b00000,0x00000000f9580000)
 ParOldGen       total 307200K, used 215417K [0x00000000c0000000, 0x00000000d2c00000, 0x00000000eab00000)
  object space 307200K, 70% used [0x00000000c0000000,0x00000000cd25e790,0x00000000d2c00000)
 Metaspace       used 6886K, capacity 7384K, committed 7680K, reserved 1056768K
  class space    used 649K, capacity 656K, committed 768K, reserved 1048576K
Event: 10.922 GC heap after
Heap after GC invocations=17 (full 2):
 PSYoungGen      total 235008K, used 103568K [0x00000000eab00000, 0x0000000100000000, 0x0000000100000000)
  eden space 131072K, 0% used [0x00000000eab00000,0x00000000eab00000,0x00000000f2b00000)
  from space 103936K, 99% used [0x00000000f2b00000,0x00000000f9024348,0x00000000f9080000)
  to   space 114176K, 0% used [0x00000000f9080000,0x00000000f9080000,0x0000000100000000)
 ParOldGen       total 307200K, used 215417K [0x00000000c0000000, 0x00000000d2c00000, 0x00000000eab00000)
  object space 307200K, 70% used [0x00000000c0000000,0x00000000cd25e790,0x00000000d2c00000)
 Metaspace       used 6886K, capacity 7384K, committed 7680K, reserved 1056768K
  class space    used 649K, capacity 656K, committed 768K, reserved 1048576K
}
Event: 11.257 GC heap before
{Heap before GC invocations=18 (full 2):
 PSYoungGen      total 235008K, used 234640K [0x00000000eab00000, 0x0000000100000000, 0x0000000100000000)
  eden space 131072K, 100% used [0x00000000eab00000,0x00000000f2b00000,0x00000000f2b00000)
  from space 103936K, 99% used [0x00000000f2b00000,0x00000000f9024348,0x00000000f9080000)
  to   space 114176K, 0% used [0x00000000f9080000,0x00000000f9080000,0x0000000100000000)
 ParOldGen       total 307200K, used 215417K [0x00000000c0000000, 0x00000000d2c00000, 0x00000000eab00000)
  object space 307200K, 70% used [0x00000000c0000000,0x00000000cd25e790,0x00000000d2c00000)
 Metaspace       used 6887K, capacity 7384K, committed 7680K, reserved 1056768K
  class space    used 649K, capacity 656K, committed 768K, reserved 1048576K
Event: 11.352 GC heap after
Heap after GC invocations=18 (full 2):
 PSYoungGen      total 230912K, used 81330K [0x00000000eab00000, 0x0000000100000000, 0x0000000100000000)
  eden space 116736K, 0% used [0x00000000eab00000,0x00000000eab00000,0x00000000f1d00000)
  from space 114176K, 71% used [0x00000000f9080000,0x00000000fdfec9c0,0x0000000100000000)
  to   space 116224K, 0% used [0x00000000f1d00000,0x00000000f1d00000,0x00000000f8e80000)
 ParOldGen       total 307200K, used 256500K [0x00000000c0000000, 0x00000000d2c00000, 0x00000000eab00000)
  object space 307200K, 83% used [0x00000000c0000000,0x00000000cfa7d030,0x00000000d2c00000)
 Metaspace       used 6887K, capacity 7384K, committed 7680K, reserved 1056768K
  class space    used 649K, capacity 656K, committed 768K, reserved 1048576K
}
Event: 11.626 GC heap before
{Heap before GC invocations=19 (full 2):
 PSYoungGen      total 230912K, used 198066K [0x00000000eab00000, 0x0000000100000000, 0x0000000100000000)
  eden space 116736K, 100% used [0x00000000eab00000,0x00000000f1d00000,0x00000000f1d00000)
  from space 114176K, 71% used [0x00000000f9080000,0x00000000fdfec9c0,0x0000000100000000)
  to   space 116224K, 0% used [0x00000000f1d00000,0x00000000f1d00000,0x00000000f8e80000)
 ParOldGen       total 307200K, used 256500K [0x00000000c0000000, 0x00000000d2c00000, 0x00000000eab00000)
  object space 307200K, 83% used [0x00000000c0000000,0x00000000cfa7d030,0x00000000d2c00000)
 Metaspace       used 6891K, capacity 7384K, committed 7680K, reserved 1056768K
  class space    used 649K, capacity 656K, committed 768K, reserved 1048576K
Event: 11.711 GC heap after
Heap after GC invocations=19 (full 2):
 PSYoungGen      total 232960K, used 60189K [0x00000000eab00000, 0x0000000100000000, 0x0000000100000000)
  eden space 116736K, 0% used [0x00000000eab00000,0x00000000eab00000,0x00000000f1d00000)
  from space 116224K, 51% used [0x00000000f1d00000,0x00000000f57c7590,0x00000000f8e80000)
  to   space 116224K, 0% used [0x00000000f8e80000,0x00000000f8e80000,0x0000000100000000)
 ParOldGen       total 307200K, used 298516K [0x00000000c0000000, 0x00000000d2c00000, 0x00000000eab00000)
  object space 307200K, 97% used [0x00000000c0000000,0x00000000d23850e0,0x00000000d2c00000)
 Metaspace       used 6891K, capacity 7384K, committed 7680K, reserved 1056768K
  class space    used 649K, capacity 656K, committed 768K, reserved 1048576K
}
Event: 11.711 GC heap before
{Heap before GC invocations=20 (full 3):
 PSYoungGen      total 232960K, used 60189K [0x00000000eab00000, 0x0000000100000000, 0x0000000100000000)
  eden space 116736K, 0% used [0x00000000eab00000,0x00000000eab00000,0x00000000f1d00000)
  from space 116224K, 51% used [0x00000000f1d00000,0x00000000f57c7590,0x00000000f8e80000)
  to   space 116224K, 0% used [0x00000000f8e80000,0x00000000f8e80000,0x0000000100000000)
 ParOldGen       total 307200K, used 298516K [0x00000000c0000000, 0x00000000d2c00000, 0x00000000eab00000)
  object space 307200K, 97% used [0x00000000c0000000,0x00000000d23850e0,0x00000000d2c00000)
 Metaspace       used 6891K, capacity 7384K, committed 7680K, reserved 1056768K
  class space    used 649K, capacity 656K, committed 768K, reserved 1048576K

