# JRE version: Java(TM) SE Runtime Environment (8.0_152-b16) (build 1.8.0_152-b16)
# Java VM: Java HotSpot(TM) 64-Bit Server VM (25.152-b16 mixed mode windows-amd64 compressed oops)
Heap:
 PSYoungGen      total 286720K, used 286707K [0x00000000eab00000, 0x0000000100000000, 0x0000000100000000)
  eden space 224256K, 100% used [0x00000000eab00000,0x00000000f8600000,0x00000000f8600000)
  from space 62464K, 99% used [0x00000000f8600000,0x00000000fc2fcf80,0x00000000fc300000)
  to   space 62464K, 98% used [0x00000000fc300000,0x00000000fff2caf8,0x0000000100000000)
 ParOldGen       total 172544K, used 157213K [0x00000000c0000000, 0x00000000ca880000, 0x00000000eab00000)
  object space 172544K, 91% used [0x00000000c0000000,0x00000000c99877c0,0x00000000ca880000)
 Metaspace       used 6865K, capacity 7384K, committed 7680K, reserved 1056768K
  class space    used 648K, capacity 656K, committed 768K, reserved 1048576K
GC Heap History (10 events):
Event: 2.601 GC heap after
Heap after GC invocations=6 (full 0):
 PSYoungGen      total 286720K, used 25061K [0x00000000eab00000, 0x00000000fe900000, 0x0000000100000000)
  eden space 261632K, 0% used [0x00000000eab00000,0x00000000eab00000,0x00000000faa80000)
  from space 25088K, 99% used [0x00000000fc780000,0x00000000fdff94d0,0x00000000fe000000)
  to   space 29696K, 0% used [0x00000000faa80000,0x00000000faa80000,0x00000000fc780000)
 ParOldGen       total 87552K, used 46330K [0x00000000c0000000, 0x00000000c5580000, 0x00000000eab00000)
  object space 87552K, 52% used [0x00000000c0000000,0x00000000c2d3eb30,0x00000000c5580000)
 Metaspace       used 6789K, capacity 7384K, committed 7680K, reserved 1056768K
  class space    used 648K, capacity 656K, committed 768K, reserved 1048576K
}
Event: 3.233 GC heap before
{Heap before GC invocations=7 (full 0):
 PSYoungGen      total 286720K, used 286693K [0x00000000eab00000, 0x00000000fe900000, 0x0000000100000000)
  eden space 261632K, 100% used [0x00000000eab00000,0x00000000faa80000,0x00000000faa80000)
  from space 25088K, 99% used [0x00000000fc780000,0x00000000fdff94d0,0x00000000fe000000)
  to   space 29696K, 0% used [0x00000000faa80000,0x00000000faa80000,0x00000000fc780000)
 ParOldGen       total 87552K, used 46330K [0x00000000c0000000, 0x00000000c5580000, 0x00000000eab00000)
  object space 87552K, 52% used [0x00000000c0000000,0x00000000c2d3eb30,0x00000000c5580000)
 Metaspace       used 6796K, capacity 7384K, committed 7680K, reserved 1056768K
  class space    used 648K, capacity 656K, committed 768K, reserved 1048576K
Event: 3.296 GC heap after
Heap after GC invocations=7 (full 0):
 PSYoungGen      total 291328K, used 29672K [0x00000000eab00000, 0x0000000100000000, 0x0000000100000000)
  eden space 261632K, 0% used [0x00000000eab00000,0x00000000eab00000,0x00000000faa80000)
  from space 29696K, 99% used [0x00000000faa80000,0x00000000fc77a2a8,0x00000000fc780000)
  to   space 49664K, 0% used [0x00000000fcf80000,0x00000000fcf80000,0x0000000100000000)
 ParOldGen       total 87552K, used 76847K [0x00000000c0000000, 0x00000000c5580000, 0x00000000eab00000)
  object space 87552K, 87% used [0x00000000c0000000,0x00000000c4b0bc70,0x00000000c5580000)
 Metaspace       used 6796K, capacity 7384K, committed 7680K, reserved 1056768K
  class space    used 648K, capacity 656K, committed 768K, reserved 1048576K
}
Event: 3.296 GC heap before
{Heap before GC invocations=8 (full 1):
 PSYoungGen      total 291328K, used 29672K [0x00000000eab00000, 0x0000000100000000, 0x0000000100000000)
  eden space 261632K, 0% used [0x00000000eab00000,0x00000000eab00000,0x00000000faa80000)
  from space 29696K, 99% used [0x00000000faa80000,0x00000000fc77a2a8,0x00000000fc780000)
  to   space 49664K, 0% used [0x00000000fcf80000,0x00000000fcf80000,0x0000000100000000)
 ParOldGen       total 87552K, used 76847K [0x00000000c0000000, 0x00000000c5580000, 0x00000000eab00000)
  object space 87552K, 87% used [0x00000000c0000000,0x00000000c4b0bc70,0x00000000c5580000)
 Metaspace       used 6796K, capacity 7384K, committed 7680K, reserved 1056768K
  class space    used 648K, capacity 656K, committed 768K, reserved 1048576K
Event: 3.744 GC heap after
Heap after GC invocations=8 (full 1):
 PSYoungGen      total 291328K, used 13749K [0x00000000eab00000, 0x0000000100000000, 0x0000000100000000)
  eden space 261632K, 0% used [0x00000000eab00000,0x00000000eab00000,0x00000000faa80000)
  from space 29696K, 46% used [0x00000000faa80000,0x00000000fb7ed520,0x00000000fc780000)
  to   space 49664K, 0% used [0x00000000fcf80000,0x00000000fcf80000,0x0000000100000000)
 ParOldGen       total 172544K, used 87306K [0x00000000c0000000, 0x00000000ca880000, 0x00000000eab00000)
  object space 172544K, 50% used [0x00000000c0000000,0x00000000c5542898,0x00000000ca880000)
 Metaspace       used 6796K, capacity 7384K, committed 7680K, reserved 1056768K
  class space    used 648K, capacity 656K, committed 768K, reserved 1048576K
}
Event: 4.751 GC heap before
{Heap before GC invocations=9 (full 1):
 PSYoungGen      total 291328K, used 275381K [0x00000000eab00000, 0x0000000100000000, 0x0000000100000000)
  eden space 261632K, 100% used [0x00000000eab00000,0x00000000faa80000,0x00000000faa80000)
  from space 29696K, 46% used [0x00000000faa80000,0x00000000fb7ed520,0x00000000fc780000)
  to   space 49664K, 0% used [0x00000000fcf80000,0x00000000fcf80000,0x0000000100000000)
 ParOldGen       total 172544K, used 87306K [0x00000000c0000000, 0x00000000ca880000, 0x00000000eab00000)
  object space 172544K, 50% used [0x00000000c0000000,0x00000000c5542898,0x00000000ca880000)
 Metaspace       used 6846K, capacity 7384K, committed 7680K, reserved 1056768K
  class space    used 648K, capacity 656K, committed 768K, reserved 1048576K
Event: 4.835 GC heap after
Heap after GC invocations=9 (full 1):
 PSYoungGen      total 273920K, used 49662K [0x00000000eab00000, 0x0000000100000000, 0x0000000100000000)
  eden space 224256K, 0% used [0x00000000eab00000,0x00000000eab00000,0x00000000f8600000)
  from space 49664K, 99% used [0x00000000fcf80000,0x00000000fffff9d8,0x0000000100000000)
  to   space 62464K, 0% used [0x00000000f8600000,0x00000000f8600000,0x00000000fc300000)
 ParOldGen       total 172544K, used 96657K [0x00000000c0000000, 0x00000000ca880000, 0x00000000eab00000)
  object space 172544K, 56% used [0x00000000c0000000,0x00000000c5e644e8,0x00000000ca880000)
 Metaspace       used 6846K, capacity 7384K, committed 7680K, reserved 1056768K
  class space    used 648K, capacity 656K, committed 768K, reserved 1048576K
}
Event: 5.347 GC heap before
{Heap before GC invocations=10 (full 1):
 PSYoungGen      total 273920K, used 273918K [0x00000000eab00000, 0x0000000100000000, 0x0000000100000000)
  eden space 224256K, 100% used [0x00000000eab00000,0x00000000f8600000,0x00000000f8600000)
  from space 49664K, 99% used [0x00000000fcf80000,0x00000000fffff9d8,0x0000000100000000)
  to   space 62464K, 0% used [0x00000000f8600000,0x00000000f8600000,0x00000000fc300000)
 ParOldGen       total 172544K, used 96657K [0x00000000c0000000, 0x00000000ca880000, 0x00000000eab00000)
  object space 172544K, 56% used [0x00000000c0000000,0x00000000c5e644e8,0x00000000ca880000)
 Metaspace       used 6848K, capacity 7384K, committed 7680K, reserved 1056768K
  class space    used 648K, capacity 656K, committed 768K, reserved 1048576K
Event: 5.474 GC heap after
Heap after GC invocations=10 (full 1):
 PSYoungGen      total 286720K, used 62451K [0x00000000eab00000, 0x0000000100000000, 0x0000000100000000)
  eden space 224256K, 0% used [0x00000000eab00000,0x00000000eab00000,0x00000000f8600000)
  from space 62464K, 99% used [0x00000000f8600000,0x00000000fc2fcf80,0x00000000fc300000)
  to   space 62464K, 0% used [0x00000000fc300000,0x00000000fc300000,0x0000000100000000)
 ParOldGen       total 172544K, used 127311K [0x00000000c0000000, 0x00000000ca880000, 0x00000000eab00000)
  object space 172544K, 73% used [0x00000000c0000000,0x00000000c7c53fb0,0x00000000ca880000)
 Metaspace       used 6848K, capacity 7384K, committed 7680K, reserved 1056768K
  class space    used 648K, capacity 656K, committed 768K, reserved 1048576K
}
Event: 6.153 GC heap before
{Heap before GC invocations=11 (full 1):
 PSYoungGen      total 286720K, used 286707K [0x00000000eab00000, 0x0000000100000000, 0x0000000100000000)
  eden space 224256K, 100% used [0x00000000eab00000,0x00000000f8600000,0x00000000f8600000)
  from space 62464K, 99% used [0x00000000f8600000,0x00000000fc2fcf80,0x00000000fc300000)
  to   space 62464K, 0% used [0x00000000fc300000,0x00000000fc300000,0x0000000100000000)
 ParOldGen       total 172544K, used 127311K [0x00000000c0000000, 0x00000000ca880000, 0x00000000eab00000)
  object space 172544K, 73% used [0x00000000c0000000,0x00000000c7c53fb0,0x00000000ca880000)
 Metaspace       used 6865K, capacity 7384K, committed 7680K, reserved 1056768K
  class space    used 648K, capacity 656K, committed 768K, reserved 1048576K

